<?xml version="1.0" encoding="UTF-8"?>
<!-- Generated by org.testng.reporters.JUnitXMLReporter -->
<testsuite hostname="A571LBLR" name="my hub spot test ff" tests="2" failures="0" timestamp="19 Mar 2021 10:32:18 GMT" time="2.672" errors="0">
  <testcase name="@BeforeMethod setUpTest" time="0.0" classname="com.oops.concepts.LoginTest">
    <failure type="io.github.bonigarcia.wdm.config.WebDriverManagerException" message="javax.net.ssl.SSLKeyException: RSA premaster secret error">
      <![CDATA[io.github.bonigarcia.wdm.config.WebDriverManagerException: javax.net.ssl.SSLKeyException: RSA premaster secret error
	at io.github.bonigarcia.wdm.WebDriverManager.handleException(WebDriverManager.java:772)
	at io.github.bonigarcia.wdm.WebDriverManager.manage(WebDriverManager.java:577)
	at io.github.bonigarcia.wdm.WebDriverManager.handleException(WebDriverManager.java:769)
	at io.github.bonigarcia.wdm.WebDriverManager.manage(WebDriverManager.java:577)
	at io.github.bonigarcia.wdm.WebDriverManager.setup(WebDriverManager.java:287)
	at com.oops.concepts.BaseTest.setUpTest(BaseTest.java:27)
	at sun.reflect.NativeMethodAccessorImpl.invoke0(Native Method)
	at sun.reflect.NativeMethodAccessorImpl.invoke(Unknown Source)
	at sun.reflect.DelegatingMethodAccessorImpl.invoke(Unknown Source)
	at java.lang.reflect.Method.invoke(Unknown Source)
	at org.testng.internal.MethodInvocationHelper.invokeMethod(MethodInvocationHelper.java:85)
	at org.testng.internal.Invoker.invokeConfigurationMethod(Invoker.java:510)
	at org.testng.internal.Invoker.invokeConfigurations(Invoker.java:211)
	at org.testng.internal.Invoker.invokeMethod(Invoker.java:585)
	at org.testng.internal.Invoker.invokeTestMethod(Invoker.java:816)
	at org.testng.internal.Invoker.invokeTestMethods(Invoker.java:1124)
	at org.testng.internal.TestMethodWorker.invokeTestMethods(TestMethodWorker.java:125)
	at org.testng.internal.TestMethodWorker.run(TestMethodWorker.java:108)
	at java.util.concurrent.ThreadPoolExecutor.runWorker(Unknown Source)
	at java.util.concurrent.ThreadPoolExecutor$Worker.run(Unknown Source)
	at java.lang.Thread.run(Unknown Source)
Caused by: javax.net.ssl.SSLKeyException: RSA premaster secret error
	at sun.security.ssl.RSAClientKeyExchange.<init>(Unknown Source)
	at sun.security.ssl.ClientHandshaker.serverHelloDone(Unknown Source)
	at sun.security.ssl.ClientHandshaker.processMessage(Unknown Source)
	at sun.security.ssl.Handshaker.processLoop(Unknown Source)
	at sun.security.ssl.Handshaker.process_record(Unknown Source)
	at sun.security.ssl.SSLSocketImpl.readRecord(Unknown Source)
	at sun.security.ssl.SSLSocketImpl.performInitialHandshake(Unknown Source)
	at sun.security.ssl.SSLSocketImpl.startHandshake(Unknown Source)
	at sun.security.ssl.SSLSocketImpl.startHandshake(Unknown Source)
	at org.apache.hc.client5.http.ssl.SSLConnectionSocketFactory.createLayeredSocket(SSLConnectionSocketFactory.java:276)
	at org.apache.hc.client5.http.ssl.SSLConnectionSocketFactory.connectSocket(SSLConnectionSocketFactory.java:244)
	at org.apache.hc.client5.http.impl.io.DefaultHttpClientConnectionOperator.connect(DefaultHttpClientConnectionOperator.java:148)
	at org.apache.hc.client5.http.impl.io.PoolingHttpClientConnectionManager.connect(PoolingHttpClientConnectionManager.java:413)
	at org.apache.hc.client5.http.impl.classic.InternalExecRuntime.connectEndpoint(InternalExecRuntime.java:164)
	at org.apache.hc.client5.http.impl.classic.InternalExecRuntime.connectEndpoint(InternalExecRuntime.java:174)
	at org.apache.hc.client5.http.impl.classic.ConnectExec.execute(ConnectExec.java:135)
	at org.apache.hc.client5.http.impl.classic.ExecChainElement.execute(ExecChainElement.java:51)
	at org.apache.hc.client5.http.impl.classic.ExecChainElement$1.proceed(ExecChainElement.java:57)
	at org.apache.hc.client5.http.impl.classic.ProtocolExec.execute(ProtocolExec.java:169)
	at org.apache.hc.client5.http.impl.classic.ExecChainElement.execute(ExecChainElement.java:51)
	at org.apache.hc.client5.http.impl.classic.ExecChainElement$1.proceed(ExecChainElement.java:57)
	at org.apache.hc.client5.http.impl.classic.HttpRequestRetryExec.execute(HttpRequestRetryExec.java:93)
	at org.apache.hc.client5.http.impl.classic.ExecChainElement.execute(ExecChainElement.java:51)
	at org.apache.hc.client5.http.impl.classic.ExecChainElement$1.proceed(ExecChainElement.java:57)
	at org.apache.hc.client5.http.impl.classic.ContentCompressionExec.execute(ContentCompressionExec.java:128)
	at org.apache.hc.client5.http.impl.classic.ExecChainElement.execute(ExecChainElement.java:51)
	at org.apache.hc.client5.http.impl.classic.ExecChainElement$1.proceed(ExecChainElement.java:57)
	at org.apache.hc.client5.http.impl.classic.RedirectExec.execute(RedirectExec.java:116)
	at org.apache.hc.client5.http.impl.classic.ExecChainElement.execute(ExecChainElement.java:51)
	at org.apache.hc.client5.http.impl.classic.InternalHttpClient.doExecute(InternalHttpClient.java:178)
	at org.apache.hc.client5.http.impl.classic.CloseableHttpClient.execute(CloseableHttpClient.java:75)
	at org.apache.hc.client5.http.impl.classic.CloseableHttpClient.execute(CloseableHttpClient.java:89)
	at io.github.bonigarcia.wdm.online.HttpClient.execute(HttpClient.java:139)
	at io.github.bonigarcia.wdm.WebDriverManager.openGitHubConnection(WebDriverManager.java:928)
	at io.github.bonigarcia.wdm.WebDriverManager.getDriversFromGitHub(WebDriverManager.java:942)
	at io.github.bonigarcia.wdm.managers.FirefoxDriverManager.getDriverUrls(FirefoxDriverManager.java:90)
	at io.github.bonigarcia.wdm.WebDriverManager.createUrlHandler(WebDriverManager.java:778)
	at io.github.bonigarcia.wdm.WebDriverManager.download(WebDriverManager.java:649)
	at io.github.bonigarcia.wdm.WebDriverManager.manage(WebDriverManager.java:571)
	... 19 more
Caused by: java.security.NoSuchAlgorithmException: SunTls12RsaPremasterSecret KeyGenerator not available
	at javax.crypto.KeyGenerator.<init>(KeyGenerator.java:169)
	at javax.crypto.KeyGenerator.getInstance(KeyGenerator.java:223)
	at sun.security.ssl.JsseJce.getKeyGenerator(Unknown Source)
	... 58 more
]]>
    </failure>
  </testcase> <!-- @BeforeMethod setUpTest -->
  <testcase name="@AfterMethod tearDown" time="0.0" classname="com.oops.concepts.LoginTest">
    <skipped/>
  </testcase> <!-- @AfterMethod tearDown -->
  <testcase name="@BeforeMethod setUpTest" time="0.0" classname="com.oops.concepts.LoginTest">
    <failure type="io.github.bonigarcia.wdm.config.WebDriverManagerException" message="javax.net.ssl.SSLKeyException: RSA premaster secret error">
      <![CDATA[io.github.bonigarcia.wdm.config.WebDriverManagerException: javax.net.ssl.SSLKeyException: RSA premaster secret error
	at io.github.bonigarcia.wdm.WebDriverManager.handleException(WebDriverManager.java:772)
	at io.github.bonigarcia.wdm.WebDriverManager.manage(WebDriverManager.java:577)
	at io.github.bonigarcia.wdm.WebDriverManager.handleException(WebDriverManager.java:769)
	at io.github.bonigarcia.wdm.WebDriverManager.manage(WebDriverManager.java:577)
	at io.github.bonigarcia.wdm.WebDriverManager.setup(WebDriverManager.java:287)
	at com.oops.concepts.BaseTest.setUpTest(BaseTest.java:27)
	at sun.reflect.NativeMethodAccessorImpl.invoke0(Native Method)
	at sun.reflect.NativeMethodAccessorImpl.invoke(Unknown Source)
	at sun.reflect.DelegatingMethodAccessorImpl.invoke(Unknown Source)
	at java.lang.reflect.Method.invoke(Unknown Source)
	at org.testng.internal.MethodInvocationHelper.invokeMethod(MethodInvocationHelper.java:85)
	at org.testng.internal.Invoker.invokeConfigurationMethod(Invoker.java:510)
	at org.testng.internal.Invoker.invokeConfigurations(Invoker.java:211)
	at org.testng.internal.Invoker.invokeMethod(Invoker.java:585)
	at org.testng.internal.Invoker.invokeTestMethod(Invoker.java:816)
	at org.testng.internal.Invoker.invokeTestMethods(Invoker.java:1124)
	at org.testng.internal.TestMethodWorker.invokeTestMethods(TestMethodWorker.java:125)
	at org.testng.internal.TestMethodWorker.run(TestMethodWorker.java:108)
	at java.util.concurrent.ThreadPoolExecutor.runWorker(Unknown Source)
	at java.util.concurrent.ThreadPoolExecutor$Worker.run(Unknown Source)
	at java.lang.Thread.run(Unknown Source)
Caused by: javax.net.ssl.SSLKeyException: RSA premaster secret error
	at sun.security.ssl.RSAClientKeyExchange.<init>(Unknown Source)
	at sun.security.ssl.ClientHandshaker.serverHelloDone(Unknown Source)
	at sun.security.ssl.ClientHandshaker.processMessage(Unknown Source)
	at sun.security.ssl.Handshaker.processLoop(Unknown Source)
	at sun.security.ssl.Handshaker.process_record(Unknown Source)
	at sun.security.ssl.SSLSocketImpl.readRecord(Unknown Source)
	at sun.security.ssl.SSLSocketImpl.performInitialHandshake(Unknown Source)
	at sun.security.ssl.SSLSocketImpl.startHandshake(Unknown Source)
	at sun.security.ssl.SSLSocketImpl.startHandshake(Unknown Source)
	at org.apache.hc.client5.http.ssl.SSLConnectionSocketFactory.createLayeredSocket(SSLConnectionSocketFactory.java:276)
	at org.apache.hc.client5.http.ssl.SSLConnectionSocketFactory.connectSocket(SSLConnectionSocketFactory.java:244)
	at org.apache.hc.client5.http.impl.io.DefaultHttpClientConnectionOperator.connect(DefaultHttpClientConnectionOperator.java:148)
	at org.apache.hc.client5.http.impl.io.PoolingHttpClientConnectionManager.connect(PoolingHttpClientConnectionManager.java:413)
	at org.apache.hc.client5.http.impl.classic.InternalExecRuntime.connectEndpoint(InternalExecRuntime.java:164)
	at org.apache.hc.client5.http.impl.classic.InternalExecRuntime.connectEndpoint(InternalExecRuntime.java:174)
	at org.apache.hc.client5.http.impl.classic.ConnectExec.execute(ConnectExec.java:135)
	at org.apache.hc.client5.http.impl.classic.ExecChainElement.execute(ExecChainElement.java:51)
	at org.apache.hc.client5.http.impl.classic.ExecChainElement$1.proceed(ExecChainElement.java:57)
	at org.apache.hc.client5.http.impl.classic.ProtocolExec.execute(ProtocolExec.java:169)
	at org.apache.hc.client5.http.impl.classic.ExecChainElement.execute(ExecChainElement.java:51)
	at org.apache.hc.client5.http.impl.classic.ExecChainElement$1.proceed(ExecChainElement.java:57)
	at org.apache.hc.client5.http.impl.classic.HttpRequestRetryExec.execute(HttpRequestRetryExec.java:93)
	at org.apache.hc.client5.http.impl.classic.ExecChainElement.execute(ExecChainElement.java:51)
	at org.apache.hc.client5.http.impl.classic.ExecChainElement$1.proceed(ExecChainElement.java:57)
	at org.apache.hc.client5.http.impl.classic.ContentCompressionExec.execute(ContentCompressionExec.java:128)
	at org.apache.hc.client5.http.impl.classic.ExecChainElement.execute(ExecChainElement.java:51)
	at org.apache.hc.client5.http.impl.classic.ExecChainElement$1.proceed(ExecChainElement.java:57)
	at org.apache.hc.client5.http.impl.classic.RedirectExec.execute(RedirectExec.java:116)
	at org.apache.hc.client5.http.impl.classic.ExecChainElement.execute(ExecChainElement.java:51)
	at org.apache.hc.client5.http.impl.classic.InternalHttpClient.doExecute(InternalHttpClient.java:178)
	at org.apache.hc.client5.http.impl.classic.CloseableHttpClient.execute(CloseableHttpClient.java:75)
	at org.apache.hc.client5.http.impl.classic.CloseableHttpClient.execute(CloseableHttpClient.java:89)
	at io.github.bonigarcia.wdm.online.HttpClient.execute(HttpClient.java:139)
	at io.github.bonigarcia.wdm.WebDriverManager.openGitHubConnection(WebDriverManager.java:928)
	at io.github.bonigarcia.wdm.WebDriverManager.getDriversFromGitHub(WebDriverManager.java:942)
	at io.github.bonigarcia.wdm.managers.FirefoxDriverManager.getDriverUrls(FirefoxDriverManager.java:90)
	at io.github.bonigarcia.wdm.WebDriverManager.createUrlHandler(WebDriverManager.java:778)
	at io.github.bonigarcia.wdm.WebDriverManager.download(WebDriverManager.java:649)
	at io.github.bonigarcia.wdm.WebDriverManager.manage(WebDriverManager.java:571)
	... 19 more
Caused by: java.security.NoSuchAlgorithmException: SunTls12RsaPremasterSecret KeyGenerator not available
	at javax.crypto.KeyGenerator.<init>(KeyGenerator.java:169)
	at javax.crypto.KeyGenerator.getInstance(KeyGenerator.java:223)
	at sun.security.ssl.JsseJce.getKeyGenerator(Unknown Source)
	... 58 more
]]>
    </failure>
  </testcase> <!-- @BeforeMethod setUpTest -->
  <testcase name="@AfterMethod tearDown" time="0.0" classname="com.oops.concepts.LoginTest">
    <skipped/>
  </testcase> <!-- @AfterMethod tearDown -->
  <testcase name="verifyLoginPageTitle" time="0.002" classname="com.oops.concepts.LoginTest">
    <skipped/>
  </testcase> <!-- verifyLoginPageTitle -->
  <testcase name="verifyLoginPageHeader" time="0.003" classname="com.oops.concepts.LoginTest">
    <skipped/>
  </testcase> <!-- verifyLoginPageHeader -->
</testsuite> <!-- my hub spot test ff -->
