<?xml version="1.0" encoding="UTF-8"?>
<!-- Generated by org.testng.reporters.JUnitXMLReporter -->
<testsuite hostname="A571LBLR" ignored="0" name="my hub spot test chrome" tests="2" failures="1" timestamp="21 Mar 2021 17:08:37 GMT" time="39.778" errors="0">
  <testcase name="verifyLoginPageTitle" time="0.042" classname="com.oops.concepts.LoginTest"/>
  <testcase name="doLoginTest" time="1.446" classname="com.oops.concepts.LoginTest">
    <failure type="java.lang.NullPointerException">
      <![CDATA[java.lang.NullPointerException
at com.oops.concepts.BasePage.getPageHeader(BasePage.java:23)
at com.oops.concepts.HomePage.getHomePageHeader(HomePage.java:21)
at com.oops.concepts.LoginTest.doLoginTest(LoginTest.java:32)
at sun.reflect.NativeMethodAccessorImpl.invoke0(Native Method)
at sun.reflect.NativeMethodAccessorImpl.invoke(Unknown Source)
at sun.reflect.DelegatingMethodAccessorImpl.invoke(Unknown Source)
at java.lang.reflect.Method.invoke(Unknown Source)
at org.testng.internal.MethodInvocationHelper.invokeMethod(MethodInvocationHelper.java:124)
at org.testng.internal.Invoker.invokeMethod(Invoker.java:583)
at org.testng.internal.Invoker.invokeTestMethod(Invoker.java:719)
at org.testng.internal.Invoker.invokeTestMethods(Invoker.java:989)
at org.testng.internal.TestMethodWorker.invokeTestMethods(TestMethodWorker.java:125)
at org.testng.internal.TestMethodWorker.run(TestMethodWorker.java:109)
at java.util.concurrent.ThreadPoolExecutor.runWorker(Unknown Source)
at java.util.concurrent.ThreadPoolExecutor$Worker.run(Unknown Source)
at java.lang.Thread.run(Unknown Source)
]]>
    </failure>
  </testcase> <!-- doLoginTest -->
</testsuite> <!-- my hub spot test chrome -->
